
=== Fri Jan 17 01:02:40 2020

Packages were changed.
Update Mode: mergeDefaultDependencies

The following packages were added:
  com.unity.package-manager-ui@2.2.0
  com.unity.ext.nunit@1.0.0
  com.unity.test-framework@1.0.13
  com.unity.ide.vscode@1.0.7
  com.unity.ide.rider@1.0.8
  com.unity.ugui@1.0.0
  com.unity.modules.androidjni@1.0.0
The following packages were updated:
  com.unity.collab-proxy from version 1.2.9 to 1.2.16
  com.unity.textmeshpro from version 2.0.0 to 2.0.1
  com.unity.timeline from version 0.0.0-builtin to 1.1.0

=== Mon Feb 24 14:34:12 2020

Packages were changed.
Update Mode: updateDependencies

The following packages were updated:
  com.unity.ide.rider from version 1.0.8 to 1.1.4
  com.unity.ide.vscode from version 1.0.7 to 1.1.4
  com.unity.postprocessing from version 2.1.7 to 2.3.0
  com.unity.test-framework from version 1.0.13 to 1.1.11
  com.unity.timeline from version 1.1.0 to 1.2.10
The following packages were removed:
  com.unity.package-manager-ui@2.2.0

=== Sun Sep 13 02:44:57 2020

Packages were changed.
Update Mode: updateDependencies

The following packages were added:
  com.unity.ide.visualstudio@2.0.2
The following packages were updated:
  com.unity.collab-proxy from version 1.2.16 to 1.3.9
  com.unity.ide.rider from version 1.1.4 to 1.2.1
  com.unity.ide.vscode from version 1.1.3 to 1.2.1
  com.unity.purchasing from version 2.0.6 to 2.1.0
  com.unity.test-framework from version 1.1.11 to 1.1.16
  com.unity.textmeshpro from version 2.0.1 to 3.0.1
  com.unity.visualeffectgraph from version 7.1.8 to 8.2.0

=== Wed Jul 26 17:31:11 2023

Packages were changed.
Update Mode: updateDependencies

The following packages were added:
  com.unity.ai.navigation@1.1.4
The following packages were updated:
  com.unity.analytics from version 3.3.5 to 3.8.1
  com.unity.collab-proxy from version 1.3.9 to 2.0.5
  com.unity.ext.nunit from version 1.0.0 to 1.0.6
  com.unity.ide.rider from version 1.2.1 to 3.0.24
  com.unity.ide.visualstudio from version 2.0.2 to 2.0.18
  com.unity.ide.vscode from version 1.2.1 to 1.2.5
  com.unity.postprocessing from version 2.3.0 to 3.2.2
  com.unity.purchasing from version 2.1.0 to 4.9.3
  com.unity.test-framework from version 1.1.16 to 1.1.33
  com.unity.textmeshpro from version 3.0.1 to 3.0.6
  com.unity.timeline from version 1.2.10 to 1.7.5
  com.unity.visualeffectgraph from version 8.2.0 to 14.0.8
  com.unity.xr.legacyinputhelpers from version 2.1.4 to 2.1.10
